<?xml version="1.0" encoding="UTF-8"?><testsuite name="nosetests" tests="44" errors="0" failures="0" skip="0"><testcase classname="test_contests.TestContest" name="test_create_contest" time="0.001"></testcase><testcase classname="test_messages.TestMessages" name="test_create_project_thread" time="0.000"></testcase><testcase classname="test_messages.TestMessages" name="test_post_attachment" time="0.000"></testcase><testcase classname="test_messages.TestMessages" name="test_post_message" time="0.000"></testcase><testcase classname="test_project_helpers.TestProjectHelpers" name="test_create_bid_object" time="0.000"></testcase><testcase classname="test_project_helpers.TestProjectHelpers" name="test_create_budget_object" time="0.000"></testcase><testcase classname="test_project_helpers.TestProjectHelpers" name="test_create_country_object" time="0.000"></testcase><testcase classname="test_project_helpers.TestProjectHelpers" name="test_create_currency_object" time="0.000"></testcase><testcase classname="test_project_helpers.TestProjectHelpers" name="test_create_get_projects_object" time="0.000"></testcase><testcase classname="test_project_helpers.TestProjectHelpers" name="test_create_hourly_project_info_object" time="0.000"></testcase><testcase classname="test_project_helpers.TestProjectHelpers" name="test_create_job_object" time="0.000"></testcase><testcase classname="test_project_helpers.TestProjectHelpers" name="test_create_location_object" time="0.000"></testcase><testcase classname="test_project_helpers.TestProjectHelpers" name="test_create_review_freelancer_object" time="0.000"></testcase><testcase classname="test_projects.TestProjects" name="test_accept_milestone_request" time="0.000"></testcase><testcase classname="test_projects.TestProjects" name="test_accept_project_bid" time="0.000"></testcase><testcase classname="test_projects.TestProjects" name="test_award_project_bid" time="0.000"></testcase><testcase classname="test_projects.TestProjects" name="test_cancel_milestone_payment" time="0.000"></testcase><testcase classname="test_projects.TestProjects" name="test_create_hireme_project" time="0.000"></testcase><testcase classname="test_projects.TestProjects" name="test_create_hourly_project" time="0.000"></testcase><testcase classname="test_projects.TestProjects" name="test_create_local_project" time="0.000"></testcase><testcase classname="test_projects.TestProjects" name="test_create_milestone_payment" time="0.000"></testcase><testcase classname="test_projects.TestProjects" name="test_create_milestone_request" time="0.000"></testcase><testcase classname="test_projects.TestProjects" name="test_create_project" time="0.000"></testcase><testcase classname="test_projects.TestProjects" name="test_delete_milestone_request" time="0.000"></testcase><testcase classname="test_projects.TestProjects" name="test_get_bids" time="0.000"></testcase><testcase classname="test_projects.TestProjects" name="test_get_jobs" time="0.000"></testcase><testcase classname="test_projects.TestProjects" name="test_get_projects" time="0.000"></testcase><testcase classname="test_projects.TestProjects" name="test_highlight_project_bid" time="0.000"></testcase><testcase classname="test_projects.TestProjects" name="test_place_project_bid" time="0.000"></testcase><testcase classname="test_projects.TestProjects" name="test_reject_milestone_request" time="0.000"></testcase><testcase classname="test_projects.TestProjects" name="test_release_milestone_payment" time="0.000"></testcase><testcase classname="test_projects.TestProjects" name="test_request_release_milestone_payment" time="0.000"></testcase><testcase classname="test_projects.TestProjects" name="test_retract_project_bid" time="0.000"></testcase><testcase classname="test_projects.TestProjects" name="test_revoke_project_bid" time="0.000"></testcase><testcase classname="test_projects.TestProjects" name="test_search_projects" time="0.000"></testcase><testcase classname="test_session.TestSession" name="test_create_session_has_default_auth_header" time="0.000"></testcase><testcase classname="test_session.TestSession" name="test_create_session_has_default_user_agent" time="0.000"></testcase><testcase classname="test_session.TestSession" name="test_create_session_no_auth_token" time="0.000"></testcase><testcase classname="test_user_helpers.TestUsersHelpers" name="test_create_get_users_object" time="0.000"></testcase><testcase classname="test_users.TestUsers" name="test_add_user_jobs" time="0.000"></testcase><testcase classname="test_users.TestUsers" name="test_delete_user_jobs" time="0.000"></testcase><testcase classname="test_users.TestUsers" name="test_get_self_user_id" time="0.000"></testcase><testcase classname="test_users.TestUsers" name="test_get_users" time="0.000"></testcase><testcase classname="test_users.TestUsers" name="test_set_user_jobs" time="0.000"></testcase></testsuite>